<?xml version="1.0" encoding="UTF-8"?>
<!-- Generated by org.testng.reporters.JUnitReportReporter -->
<testsuite hostname="mmarques" name="modificadorEstatico.TesteDeClasse1" tests="1" failures="0" timestamp="23 Feb 2015 13:33:21 GMT" time="0.017" errors="0">
  <testcase name="teste" time="0.017" classname="modificadorEstatico.TesteDeClasse1"/>
</testsuite> <!-- modificadorEstatico.TesteDeClasse1 -->
