<?xml version="1.0" encoding="UTF-8"?>
<!-- Generated by org.testng.reporters.JUnitReportReporter -->
<testsuite hostname="eto002" name="hashCodeAndEquals.ContaTest" tests="1" failures="0" timestamp="9 Mar 2015 14:44:22 GMT" time="0.028" errors="0">
  <testcase name="insere_e_remove_contas" time="0.028" classname="hashCodeAndEquals.ContaTest"/>
</testsuite> <!-- hashCodeAndEquals.ContaTest -->
