<?xml version="1.0" encoding="UTF-8"?>
<!-- Generated by org.testng.reporters.JUnitReportReporter -->
<testsuite hostname="eto002" name="staticModifier.TesteDeMyClass" tests="1" failures="0" timestamp="9 Mar 2015 13:42:06 GMT" time="0.022" errors="0">
  <testcase name="teste" time="0.022" classname="staticModifier.TesteDeMyClass"/>
</testsuite> <!-- staticModifier.TesteDeMyClass -->
