<?xml version="1.0" encoding="UTF-8"?>
<!-- Generated by org.testng.reporters.JUnitReportReporter -->
<testsuite hostname="mmarques" name="abstrata.TesteDeVeiculo" tests="1" failures="0" timestamp="27 Feb 2015 11:29:13 GMT" time="0.015" errors="0">
  <testcase name="instancias" time="0.015" classname="abstrata.TesteDeVeiculo"/>
</testsuite> <!-- abstrata.TesteDeVeiculo -->
