<?xml version="1.0" encoding="UTF-8"?>
<!-- Generated by org.testng.reporters.JUnitReportReporter -->
<testsuite hostname="eto002" name="staticModifier.TesteDeClasse1" tests="1" failures="0" timestamp="9 Mar 2015 13:35:49 GMT" time="0.023" errors="0">
  <testcase name="teste" time="0.023" classname="staticModifier.TesteDeClasse1"/>
</testsuite> <!-- staticModifier.TesteDeClasse1 -->
